<?xml version="1.0" encoding="UTF-8"?>
<!-- Generated by org.testng.reporters.JUnitXMLReporter -->
<testsuite hostname="10PNQ162794LT01" ignored="0" name="Test-DataDrivenFramework" tests="2" failures="0" timestamp="25 Jul 2019 06:39:12 GMT" time="12.506" errors="0">
  <testcase name="surveySetupTest" time="0.021" classname="testCases.SurveySetupTest">
    <skipped/>
  </testcase> <!-- surveySetupTest -->
  <testcase name="surveySetupTest" time="0.007" classname="testCases.SurveySetupTest">
    <skipped/>
  </testcase> <!-- surveySetupTest -->
</testsuite> <!-- Test-DataDrivenFramework -->
